<?xml version="1.0" encoding="UTF-8"?>
<testng-results ignored="0" total="6" passed="6" failed="0" skipped="0">
  <reporter-output>
  </reporter-output>
  <suite started-at="2022-10-14T00:18:05 IST" name="Default suite" finished-at="2022-10-14T00:18:40 IST" duration-ms="35005">
    <groups>
    </groups>
    <test started-at="2022-10-14T00:18:05 IST" name="Default test" finished-at="2022-10-14T00:18:40 IST" duration-ms="35005">
      <class name="com.capstone.AadharCitizen">
        <test-method signature="ChromeBrowser()[pri:0, instance:com.capstone.AadharCitizen@1725dc0f]" started-at="2022-10-14T00:18:05 IST" name="ChromeBrowser" finished-at="2022-10-14T00:18:07 IST" duration-ms="1997" status="PASS">
          <reporter-output>
          </reporter-output>
        </test-method> <!-- ChromeBrowser -->
        <test-method signature="CitizenCheck()[pri:0, instance:com.capstone.AadharCitizen@1725dc0f]" started-at="2022-10-14T00:18:07 IST" name="CitizenCheck" finished-at="2022-10-14T00:18:17 IST" duration-ms="10091" status="PASS">
          <reporter-output>
          </reporter-output>
        </test-method> <!-- CitizenCheck -->
      </class> <!-- com.capstone.AadharCitizen -->
      <class name="com.capstone.AadharAdmin">
        <test-method signature="ChromeBrowser()[pri:0, instance:com.capstone.AadharAdmin@39529185]" started-at="2022-10-14T00:18:17 IST" name="ChromeBrowser" finished-at="2022-10-14T00:18:18 IST" duration-ms="937" status="PASS">
          <reporter-output>
          </reporter-output>
        </test-method> <!-- ChromeBrowser -->
        <test-method signature="TestHome()[pri:0, instance:com.capstone.AadharAdmin@39529185]" started-at="2022-10-14T00:18:18 IST" name="TestHome" finished-at="2022-10-14T00:18:31 IST" duration-ms="13329" status="PASS">
          <reporter-output>
          </reporter-output>
        </test-method> <!-- TestHome -->
      </class> <!-- com.capstone.AadharAdmin -->
      <class name="com.capstone.AadharRegister">
        <test-method signature="ChromeBrowser()[pri:0, instance:com.capstone.AadharRegister@72f926e6]" started-at="2022-10-14T00:18:31 IST" name="ChromeBrowser" finished-at="2022-10-14T00:18:32 IST" duration-ms="999" status="PASS">
          <reporter-output>
          </reporter-output>
        </test-method> <!-- ChromeBrowser -->
        <test-method signature="TestHome()[pri:0, instance:com.capstone.AadharRegister@72f926e6]" started-at="2022-10-14T00:18:32 IST" name="TestHome" finished-at="2022-10-14T00:18:40 IST" duration-ms="7611" status="PASS">
          <reporter-output>
          </reporter-output>
        </test-method> <!-- TestHome -->
      </class> <!-- com.capstone.AadharRegister -->
    </test> <!-- Default test -->
  </suite> <!-- Default suite -->
</testng-results>
