<?xml version="1.0" encoding="UTF-8"?>
<!-- Generated by org.testng.reporters.JUnitXMLReporter -->
<testsuite ignored="0" hostname="DESKTOP-7CGUEII" failures="0" tests="6" name="Default test" time="35.005" errors="0" timestamp="2022-10-14T00:18:40 IST">
  <testcase classname="com.capstone.AadharCitizen" name="ChromeBrowser" time="1.997"/>
  <testcase classname="com.capstone.AadharCitizen" name="CitizenCheck" time="10.091"/>
  <testcase classname="com.capstone.AadharAdmin" name="ChromeBrowser" time="0.937"/>
  <testcase classname="com.capstone.AadharAdmin" name="TestHome" time="13.329"/>
  <testcase classname="com.capstone.AadharRegister" name="ChromeBrowser" time="0.999"/>
  <testcase classname="com.capstone.AadharRegister" name="TestHome" time="7.611"/>
</testsuite> <!-- Default test -->
